<?xml version="1.0" encoding="UTF-8" ?>
<testsuite tests="1" failures="0" name="start.zoom.TestApp" time="55.995" errors="1" skipped="0">
  <properties>
[...]
</properties>
  <testcase classname="start.zoom.TestApp" name="test2" time="55.995">
    <error message="Element cannot be found (WARNING: The server did not provide any stacktrace information)
Command duration or timeout: 0 milliseconds
For documentation on this error, please visit: https://www.seleniumhq.org/exceptions/no_such_element.html
Build info: version: &apos;3.141.59&apos;, revision: &apos;e82be7d358&apos;, time: &apos;2018-11-14T08:17:03&apos;
System info: host: &apos;C414DMAA&apos;, ip: &apos;10.32.196.19&apos;, os.name: &apos;Windows 10&apos;, os.arch: &apos;amd64&apos;, os.version: &apos;10.0&apos;, java.version: &apos;1.8.0_144&apos;
Driver info: org.openqa.selenium.winium.WiniumDriver
Capabilities {app: C:\Users\U67122\AppData\Roa..., args: , debugConnectToRunningApp: false, innerPort: 9998, javascriptEnabled: true, keyboardSimulator: 1, launchDelay: 0, platform: ANY, platformName: ANY}
Session ID: AwesomeSession
*** Element info: {Using=name, value=Remote Control}" type="org.openqa.selenium.NoSuchElementException">org.openqa.selenium.NoSuchElementException: Element cannot be found (WARNING: The server did not provide any stacktrace information)
Command duration or timeout: 0 milliseconds
For documentation on this error, please visit: https://www.seleniumhq.org/exceptions/no_such_element.html
Build info: version: &apos;3.141.59&apos;, revision: &apos;e82be7d358&apos;, time: &apos;2018-11-14T08:17:03&apos;
System info: host: &apos;C414DMAA&apos;, ip: &apos;10.32.196.19&apos;, os.name: &apos;Windows 10&apos;, os.arch: &apos;amd64&apos;, os.version: &apos;10.0&apos;, java.version: &apos;1.8.0_144&apos;
Driver info: org.openqa.selenium.winium.WiniumDriver
Capabilities {app: C:\Users\U67122\AppData\Roa..., args: , debugConnectToRunningApp: false, innerPort: 9998, javascriptEnabled: true, keyboardSimulator: 1, launchDelay: 0, platform: ANY, platformName: ANY}
Session ID: AwesomeSession
*** Element info: {Using=name, value=Remote Control}
	at sun.reflect.NativeConstructorAccessorImpl.newInstance0(Native Method)
	at sun.reflect.NativeConstructorAccessorImpl.newInstance(NativeConstructorAccessorImpl.java:62)
	at sun.reflect.DelegatingConstructorAccessorImpl.newInstance(DelegatingConstructorAccessorImpl.java:45)
	at java.lang.reflect.Constructor.newInstance(Constructor.java:423)
	at org.openqa.selenium.remote.ErrorHandler.createThrowable(ErrorHandler.java:214)
	at org.openqa.selenium.remote.ErrorHandler.throwIfResponseFailed(ErrorHandler.java:166)
	at org.openqa.selenium.remote.http.JsonHttpResponseCodec.reconstructValue(JsonHttpResponseCodec.java:40)
	at org.openqa.selenium.remote.http.AbstractHttpResponseCodec.decode(AbstractHttpResponseCodec.java:80)
	at org.openqa.selenium.remote.http.AbstractHttpResponseCodec.decode(AbstractHttpResponseCodec.java:44)
	at org.openqa.selenium.remote.HttpCommandExecutor.execute(HttpCommandExecutor.java:158)
	at org.openqa.selenium.winium.WiniumDriverCommandExecutor.execute(WiniumDriverCommandExecutor.java:78)
	at org.openqa.selenium.remote.RemoteWebDriver.execute(RemoteWebDriver.java:552)
	at org.openqa.selenium.remote.RemoteWebDriver.findElement(RemoteWebDriver.java:323)
	at org.openqa.selenium.remote.RemoteWebDriver.findElementByName(RemoteWebDriver.java:404)
	at org.openqa.selenium.By$ByName.findElement(By.java:284)
	at org.openqa.selenium.remote.RemoteWebDriver.findElement(RemoteWebDriver.java:315)
	at start.zoom.TestApp.test2(TestApp.java:58)
	at sun.reflect.NativeMethodAccessorImpl.invoke0(Native Method)
	at sun.reflect.NativeMethodAccessorImpl.invoke(NativeMethodAccessorImpl.java:62)
	at sun.reflect.DelegatingMethodAccessorImpl.invoke(DelegatingMethodAccessorImpl.java:43)
	at java.lang.reflect.Method.invoke(Method.java:498)
	at org.junit.runners.model.FrameworkMethod$1.runReflectiveCall(FrameworkMethod.java:50)
	at org.junit.internal.runners.model.ReflectiveCallable.run(ReflectiveCallable.java:12)
	at org.junit.runners.model.FrameworkMethod.invokeExplosively(FrameworkMethod.java:47)
	at org.junit.internal.runners.statements.InvokeMethod.evaluate(InvokeMethod.java:17)
	at org.junit.runners.ParentRunner.runLeaf(ParentRunner.java:325)
	at org.junit.runners.BlockJUnit4ClassRunner.runChild(BlockJUnit4ClassRunner.java:78)
	at org.junit.runners.BlockJUnit4ClassRunner.runChild(BlockJUnit4ClassRunner.java:57)
	at org.junit.runners.ParentRunner$3.run(ParentRunner.java:290)
	at org.junit.runners.ParentRunner$1.schedule(ParentRunner.java:71)
	at org.junit.runners.ParentRunner.runChildren(ParentRunner.java:288)
	at org.junit.runners.ParentRunner.access$000(ParentRunner.java:58)
	at org.junit.runners.ParentRunner$2.evaluate(ParentRunner.java:268)
	at org.junit.runners.ParentRunner.run(ParentRunner.java:363)
	at org.apache.maven.surefire.junit4.JUnit4Provider.execute(JUnit4Provider.java:252)
	at org.apache.maven.surefire.junit4.JUnit4Provider.executeTestSet(JUnit4Provider.java:141)
	at org.apache.maven.surefire.junit4.JUnit4Provider.invoke(JUnit4Provider.java:112)
	at sun.reflect.NativeMethodAccessorImpl.invoke0(Native Method)
	at sun.reflect.NativeMethodAccessorImpl.invoke(NativeMethodAccessorImpl.java:62)
	at sun.reflect.DelegatingMethodAccessorImpl.invoke(DelegatingMethodAccessorImpl.java:43)
	at java.lang.reflect.Method.invoke(Method.java:498)
	at org.apache.maven.surefire.util.ReflectionUtils.invokeMethodWithArray(ReflectionUtils.java:189)
	at org.apache.maven.surefire.booter.ProviderFactory$ProviderProxy.invoke(ProviderFactory.java:165)
	at org.apache.maven.surefire.booter.ProviderFactory.invokeProvider(ProviderFactory.java:85)
	at org.apache.maven.surefire.booter.ForkedBooter.runSuitesInProcess(ForkedBooter.java:115)
	at org.apache.maven.surefire.booter.ForkedBooter.main(ForkedBooter.java:75)
</error>
    <system-err>Starting Windows Desktop Driver on port 9999

11:57:42 [DEBUG] Waiting for a connection...
11:57:43 [DEBUG] ACCEPTED REQUEST GET /status HTTP/1.1
11:57:43 [INFO] COMMAND status
{}
11:57:43 [DEBUG] RESPONSE:
OK: {
  &quot;sessionId&quot;: &quot;AwesomeSession&quot;,
  &quot;status&quot;: 0,
  &quot;value&quot;: {
    &quot;build&quot;: {
      &quot;version&quot;: &quot;1.2.0.0&quot;
    },
    &quot;os&quot;: {
      &quot;arch&quot;: &quot;x64&quot;,
      &quot;name&quot;: &quot;windows&quot;,
      &quot;version&quot;: &quot;Microsoft Windows NT 6.2.9200.0&quot;
    }
  }
}
11:57:43 [DEBUG] Client closed

11:57:43 [DEBUG] Waiting for a connection...
11:57:43 [DEBUG] ACCEPTED REQUEST POST /session HTTP/1.1
11:57:43 [INFO] COMMAND newSession
{
  &quot;desiredCapabilities&quot;: {
    &quot;app&quot;: &quot;C:\\Users\\U67122\\AppData\\Roaming\\Zoom\\bin\\Zoom.exe&quot;
  },
  &quot;capabilities&quot;: {
    &quot;firstMatch&quot;: [
      {}
    ]
  }
}
11:57:44 [DEBUG] Current keyboard simulator: BasedOnInputSimulatorLib
11:57:44 [DEBUG] RESPONSE:
OK: {
  &quot;sessionId&quot;: &quot;AwesomeSession&quot;,
  &quot;status&quot;: 0,
  &quot;value&quot;: {
    &quot;app&quot;: &quot;C:\\Users\\U67122\\AppData\\Roaming\\Zoom\\bin\\Zoom.exe&quot;,
    &quot;args&quot;: &quot;&quot;,
    &quot;debugConnectToRunningApp&quot;: false,
    &quot;innerPort&quot;: 9998,
    &quot;keyboardSimulator&quot;: 1,
    &quot;launchDelay&quot;: 0
  }
}
11:57:44 [DEBUG] Client closed

11:57:44 [DEBUG] Waiting for a connection...
Apr 08, 2019 11:57:44 AM org.openqa.selenium.remote.ProtocolHandshake createSession
INFO: Detected dialect: OSS
11:57:49 [DEBUG] ACCEPTED REQUEST POST /session/AwesomeSession/element HTTP/1.1
11:57:49 [INFO] COMMAND findElement
{
  &quot;using&quot;: &quot;name&quot;,
  &quot;value&quot;: &quot;meeting topicDaily Team Metting; Meeting ID: 261-060-6471; &quot;,
  &quot;SESSIONID&quot;: &quot;AwesomeSession&quot;
}
11:57:49 [DEBUG] RESPONSE:
OK: {
  &quot;sessionId&quot;: &quot;AwesomeSession&quot;,
  &quot;status&quot;: 0,
  &quot;value&quot;: {
    &quot;ELEMENT&quot;: &quot;528931932-1&quot;
  }
}
11:57:49 [DEBUG] Client closed

11:57:49 [DEBUG] Waiting for a connection...
11:57:49 [DEBUG] ACCEPTED REQUEST POST /session/AwesomeSession/element/528931932-1/click HTTP/1.1
11:57:49 [INFO] COMMAND clickElement
{
  &quot;id&quot;: &quot;528931932-1&quot;,
  &quot;SESSIONID&quot;: &quot;AwesomeSession&quot;,
  &quot;ID&quot;: &quot;528931932-1&quot;
}
11:57:49 [DEBUG] Element &apos;type: ControlType.ListItem, name: meeting topicDaily Team Metting; Meeting ID: 261-060-6471; &apos; not have ClickablePoint
11:57:50 [INFO] Click on &apos;type: ControlType.ListItem, name: meeting topicDaily Team Metting; Meeting ID: 261-060-6471; &apos; element at (981.5, 365) BoundingRectangle center
11:57:50 [DEBUG] RESPONSE:
OK: {
  &quot;sessionId&quot;: &quot;AwesomeSession&quot;,
  &quot;status&quot;: 0,
  &quot;value&quot;: null
}
11:57:50 [DEBUG] Client closed

11:57:50 [DEBUG] Waiting for a connection...
11:57:50 [DEBUG] ACCEPTED REQUEST POST /session/AwesomeSession/element HTTP/1.1
11:57:50 [INFO] COMMAND findElement
{
  &quot;using&quot;: &quot;name&quot;,
  &quot;value&quot;: &quot;start meeting&quot;,
  &quot;SESSIONID&quot;: &quot;AwesomeSession&quot;
}
11:57:50 [DEBUG] RESPONSE:
OK: {
  &quot;sessionId&quot;: &quot;AwesomeSession&quot;,
  &quot;status&quot;: 0,
  &quot;value&quot;: {
    &quot;ELEMENT&quot;: &quot;-63511838-2&quot;
  }
}
11:57:50 [DEBUG] Client closed

11:57:50 [DEBUG] Waiting for a connection...
11:57:50 [DEBUG] ACCEPTED REQUEST POST /session/AwesomeSession/element/-63511838-2/click HTTP/1.1
11:57:50 [INFO] COMMAND clickElement
{
  &quot;id&quot;: &quot;-63511838-2&quot;,
  &quot;SESSIONID&quot;: &quot;AwesomeSession&quot;,
  &quot;ID&quot;: &quot;-63511838-2&quot;
}
11:57:50 [DEBUG] Element &apos;type: ControlType.Button, name: start meeting&apos; not have ClickablePoint
11:57:51 [INFO] Click on &apos;type: ControlType.Button, name: start meeting&apos; element at (1105, 346) BoundingRectangle center
11:57:51 [DEBUG] RESPONSE:
OK: {
  &quot;sessionId&quot;: &quot;AwesomeSession&quot;,
  &quot;status&quot;: 0,
  &quot;value&quot;: null
}
11:57:51 [DEBUG] Client closed

11:57:51 [DEBUG] Waiting for a connection...
11:58:01 [DEBUG] ACCEPTED REQUEST POST /session/AwesomeSession/element HTTP/1.1
11:58:01 [INFO] COMMAND findElement
{
  &quot;using&quot;: &quot;name&quot;,
  &quot;value&quot;: &quot;Share&quot;,
  &quot;SESSIONID&quot;: &quot;AwesomeSession&quot;
}
11:58:01 [DEBUG] RESPONSE:
OK: {
  &quot;sessionId&quot;: &quot;AwesomeSession&quot;,
  &quot;status&quot;: 0,
  &quot;value&quot;: {
    &quot;ELEMENT&quot;: &quot;21504735-3&quot;
  }
}
11:58:01 [DEBUG] Client closed

11:58:01 [DEBUG] Waiting for a connection...
11:58:01 [DEBUG] ACCEPTED REQUEST POST /session/AwesomeSession/element/21504735-3/click HTTP/1.1
11:58:01 [INFO] COMMAND clickElement
{
  &quot;id&quot;: &quot;21504735-3&quot;,
  &quot;SESSIONID&quot;: &quot;AwesomeSession&quot;,
  &quot;ID&quot;: &quot;21504735-3&quot;
}
11:58:01 [DEBUG] Element &apos;type: ControlType.Button, name: Share&apos; not have ClickablePoint
11:58:02 [INFO] Click on &apos;type: ControlType.Button, name: Share&apos; element at (554, 928.5) BoundingRectangle center
11:58:02 [DEBUG] RESPONSE:
OK: {
  &quot;sessionId&quot;: &quot;AwesomeSession&quot;,
  &quot;status&quot;: 0,
  &quot;value&quot;: null
}
11:58:02 [DEBUG] Client closed

11:58:02 [DEBUG] Waiting for a connection...
11:58:02 [DEBUG] ACCEPTED REQUEST POST /session/AwesomeSession/element HTTP/1.1
11:58:02 [INFO] COMMAND findElement
{
  &quot;using&quot;: &quot;name&quot;,
  &quot;value&quot;: &quot;Share Screen&quot;,
  &quot;SESSIONID&quot;: &quot;AwesomeSession&quot;
}
11:58:02 [DEBUG] RESPONSE:
OK: {
  &quot;sessionId&quot;: &quot;AwesomeSession&quot;,
  &quot;status&quot;: 0,
  &quot;value&quot;: {
    &quot;ELEMENT&quot;: &quot;9480791-4&quot;
  }
}
11:58:02 [DEBUG] Client closed

11:58:02 [DEBUG] Waiting for a connection...
11:58:02 [DEBUG] ACCEPTED REQUEST POST /session/AwesomeSession/element/9480791-4/click HTTP/1.1
11:58:02 [INFO] COMMAND clickElement
{
  &quot;id&quot;: &quot;9480791-4&quot;,
  &quot;SESSIONID&quot;: &quot;AwesomeSession&quot;,
  &quot;ID&quot;: &quot;9480791-4&quot;
}
11:58:02 [DEBUG] Element &apos;type: ControlType.Button, name: Share Screen&apos; not have ClickablePoint
11:58:02 [INFO] Click on &apos;type: ControlType.Button, name: Share Screen&apos; element at (964, 780) BoundingRectangle center
11:58:15 [DEBUG] RESPONSE:
OK: {
  &quot;sessionId&quot;: &quot;AwesomeSession&quot;,
  &quot;status&quot;: 0,
  &quot;value&quot;: null
}
11:58:15 [DEBUG] Client closed

11:58:15 [DEBUG] Waiting for a connection...
11:58:25 [DEBUG] ACCEPTED REQUEST POST /session/AwesomeSession/element HTTP/1.1
11:58:25 [INFO] COMMAND findElement
{
  &quot;using&quot;: &quot;name&quot;,
  &quot;value&quot;: &quot;Meeting Controls&quot;,
  &quot;SESSIONID&quot;: &quot;AwesomeSession&quot;
}
11:58:25 [DEBUG] RESPONSE:
OK: {
  &quot;sessionId&quot;: &quot;AwesomeSession&quot;,
  &quot;status&quot;: 0,
  &quot;value&quot;: {
    &quot;ELEMENT&quot;: &quot;19989420-5&quot;
  }
}
11:58:25 [DEBUG] Client closed

11:58:25 [DEBUG] Waiting for a connection...
11:58:25 [DEBUG] ACCEPTED REQUEST POST /session/AwesomeSession/element/19989420-5/click HTTP/1.1
11:58:25 [INFO] COMMAND clickElement
{
  &quot;id&quot;: &quot;19989420-5&quot;,
  &quot;SESSIONID&quot;: &quot;AwesomeSession&quot;,
  &quot;ID&quot;: &quot;19989420-5&quot;
}
11:58:25 [INFO] Click on &apos;type: ControlType.Window, name: Meeting Controls&apos; element at (903.5, 32) ClickablePoint
11:58:25 [DEBUG] RESPONSE:
OK: {
  &quot;sessionId&quot;: &quot;AwesomeSession&quot;,
  &quot;status&quot;: 0,
  &quot;value&quot;: null
}
11:58:25 [DEBUG] Client closed

11:58:25 [DEBUG] Waiting for a connection...
11:58:27 [DEBUG] ACCEPTED REQUEST POST /session/AwesomeSession/element HTTP/1.1
11:58:27 [INFO] COMMAND findElement
{
  &quot;using&quot;: &quot;name&quot;,
  &quot;value&quot;: &quot;Remote Control&quot;,
  &quot;SESSIONID&quot;: &quot;AwesomeSession&quot;
}
11:58:38 [INFO] Element &apos;Name: Remote Control&apos; not found
11:58:38 [DEBUG] RESPONSE:
OK: {
  &quot;sessionId&quot;: &quot;AwesomeSession&quot;,
  &quot;status&quot;: 7,
  &quot;value&quot;: {
    &quot;error&quot;: &quot;no such element&quot;,
    &quot;stacktrace&quot;: &quot;   at Winium.Desktop.Driver.CommandExecutors.FindElementExecutor.DoImpl()\r\n   at Winium.Desktop.Driver.CommandExecutors.CommandExecutorBase.Do()&quot;,
    &quot;message&quot;: &quot;Element cannot be found&quot;
  }
}
11:58:38 [DEBUG] Client closed

11:58:38 [DEBUG] Waiting for a connection...
</system-err>
  </testcase>
</testsuite>